[debug] [2020-03-31T12:12:22.876Z] ----------------------------------------------------------------------
[debug] [2020-03-31T12:12:22.880Z] Command:       C:\Program Files\nodejs\node.exe C:\Users\gerri\AppData\Roaming\npm\node_modules\firebase-tools\lib\bin\firebase.js deploy --only hosting
[debug] [2020-03-31T12:12:22.880Z] CLI Version:   7.16.2
[debug] [2020-03-31T12:12:22.880Z] Platform:      win32
[debug] [2020-03-31T12:12:22.880Z] Node Version:  v12.15.0
[debug] [2020-03-31T12:12:22.882Z] Time:          Tue Mar 31 2020 14:12:22 GMT+0200 (GMT+02:00)
[debug] [2020-03-31T12:12:22.882Z] ----------------------------------------------------------------------
[debug] [2020-03-31T12:12:22.882Z] 
[debug] [2020-03-31T12:12:22.893Z] > command requires scopes: ["email","openid","https://www.googleapis.com/auth/cloudplatformprojects.readonly","https://www.googleapis.com/auth/firebase","https://www.googleapis.com/auth/cloud-platform"]
[debug] [2020-03-31T12:12:22.894Z] > authorizing via signed-in user
[debug] [2020-03-31T12:12:22.894Z] [iam] checking project das-kropka for permissions ["firebase.projects.get","firebasehosting.sites.update"]
[debug] [2020-03-31T12:12:22.896Z] > refreshing access token with scopes: ["email","https://www.googleapis.com/auth/cloud-platform","https://www.googleapis.com/auth/cloudplatformprojects.readonly","https://www.googleapis.com/auth/firebase","openid"]
[debug] [2020-03-31T12:12:22.896Z] >>> HTTP REQUEST POST https://www.googleapis.com/oauth2/v3/token  
 <request body omitted>
[debug] [2020-03-31T12:12:34.454Z] [iam] error while checking permissions, command may fail: FirebaseError: Authentication Error: Your credentials are no longer valid. Please run firebase login --reauth

For CI servers and headless environments, generate a new token with firebase login:ci
[debug] [2020-03-31T12:12:34.454Z] > refreshing access token with scopes: ["email","https://www.googleapis.com/auth/cloud-platform","https://www.googleapis.com/auth/cloudplatformprojects.readonly","https://www.googleapis.com/auth/firebase","openid"]
[debug] [2020-03-31T12:12:34.455Z] >>> HTTP REQUEST POST https://www.googleapis.com/oauth2/v3/token  
 <request body omitted>
[debug] [2020-03-31T12:12:45.970Z] Authentication Error: Your credentials are no longer valid. Please run firebase login --reauth

For CI servers and headless environments, generate a new token with firebase login:ci
[debug] [2020-03-31T12:13:10.203Z] FirebaseError: Authentication Error: Your credentials are no longer valid. Please run firebase login --reauth

For CI servers and headless environments, generate a new token with firebase login:ci
    at Object.<anonymous> (C:\Users\gerri\AppData\Roaming\npm\node_modules\firebase-tools\lib\auth.js:23:32)
    at Module._compile (internal/modules/cjs/loader.js:955:30)
    at Object.Module._extensions..js (internal/modules/cjs/loader.js:991:10)
    at Module.load (internal/modules/cjs/loader.js:811:32)
    at Function.Module._load (internal/modules/cjs/loader.js:723:14)
    at Module.require (internal/modules/cjs/loader.js:848:19)
    at require (internal/modules/cjs/helpers.js:74:18)
    at Object.<anonymous> (C:\Users\gerri\AppData\Roaming\npm\node_modules\firebase-tools\lib\commands\login.js:8:12)
    at Module._compile (internal/modules/cjs/loader.js:955:30)
    at Object.Module._extensions..js (internal/modules/cjs/loader.js:991:10)
    at Module.load (internal/modules/cjs/loader.js:811:32)
    at Function.Module._load (internal/modules/cjs/loader.js:723:14)
    at Module.require (internal/modules/cjs/loader.js:848:19)
    at require (internal/modules/cjs/helpers.js:74:18)
    at loadCommand (C:\Users\gerri\AppData\Roaming\npm\node_modules\firebase-tools\lib\commands\index.js:5:19)
    at module.exports (C:\Users\gerri\AppData\Roaming\npm\node_modules\firebase-tools\lib\commands\index.js:85:20)
[error] 
[error] Error: Failed to get Firebase project das-kropka. Please make sure the project exists and your account has permission to access it.
